SF:./lib\common\exception.dart
DA:6,4
LF:1
LH:1
end_of_record
SF:./lib\data\datasources\movie\movie_local_data_source.dart
DA:15,2
DA:17,1
DA:20,2
DA:23,2
DA:27,1
DA:30,2
DA:33,2
DA:37,1
DA:39,2
DA:41,1
DA:47,1
DA:49,2
DA:50,4
LF:13
LH:13
end_of_record
SF:./lib\data\models\movie\movie_table.dart
DA:11,3
DA:18,2
DA:19,2
DA:20,2
DA:21,2
DA:22,2
DA:23,2
DA:27,2
DA:28,2
DA:29,2
DA:30,2
DA:31,2
DA:32,2
DA:36,2
DA:37,2
DA:38,2
DA:39,2
DA:40,2
DA:41,2
DA:45,2
DA:46,2
DA:47,2
DA:48,2
DA:49,2
DA:50,2
DA:54,3
DA:55,15
LF:27
LH:27
end_of_record
SF:./lib\domain\entities\movie\genre.dart
DA:4,6
DA:12,7
DA:13,21
LF:3
LH:3
end_of_record
SF:./lib\domain\entities\movie\movie.dart
DA:4,3
DA:20,3
DA:49,9
DA:51,9
DA:52,9
DA:53,9
DA:54,9
DA:55,9
DA:56,9
DA:57,9
DA:58,9
DA:59,9
DA:60,9
DA:61,9
DA:62,9
DA:63,9
DA:64,9
LF:17
LH:17
end_of_record
SF:./lib\domain\entities\movie\movie_detail.dart
DA:5,3
DA:33,3
DA:35,3
DA:36,3
DA:37,3
DA:38,3
DA:39,3
DA:40,3
DA:41,3
DA:42,3
DA:43,3
DA:44,3
DA:45,3
DA:46,3
LF:14
LH:14
end_of_record
SF:./lib\common\failure.dart
DA:6,2
DA:8,2
DA:9,4
DA:13,0
DA:17,0
DA:21,2
DA:25,0
LF:7
LH:4
end_of_record
SF:./lib\data\datasources\db\database_helper.dart
DA:8,2
DA:12,4
DA:15,1
DA:22,1
DA:23,1
DA:30,1
DA:31,1
DA:32,1
DA:34,2
DA:38,1
DA:39,1
DA:47,1
DA:58,1
DA:59,1
DA:60,1
DA:62,1
DA:67,1
DA:68,1
DA:69,1
DA:72,2
DA:76,1
DA:77,1
DA:78,1
DA:81,1
DA:84,1
DA:85,1
DA:91,1
DA:92,1
DA:93,1
DA:99,1
DA:100,1
DA:101,1
DA:103,1
DA:108,1
DA:109,1
DA:110,1
DA:113,2
DA:117,1
DA:118,1
DA:119,1
DA:122,1
DA:125,1
DA:126,1
DA:132,1
DA:133,1
DA:135,1
LF:46
LH:46
end_of_record
SF:./lib\data\datasources\movie\movie_remote_data_source.dart
DA:24,2
DA:26,1
DA:29,3
DA:31,2
DA:32,4
DA:34,1
DA:38,1
DA:41,4
DA:43,2
DA:44,3
DA:46,1
DA:50,1
DA:52,1
DA:53,3
DA:55,2
DA:56,4
DA:58,1
DA:62,1
DA:65,3
DA:67,2
DA:68,4
DA:70,1
DA:74,1
DA:77,3
DA:79,2
DA:80,4
DA:82,1
DA:86,1
DA:88,1
DA:89,3
DA:91,2
DA:92,4
DA:94,1
LF:33
LH:33
end_of_record
SF:./lib\data\datasources\tv\tv_series_local_data_source.dart
DA:15,2
DA:17,1
DA:20,2
DA:23,2
DA:27,1
DA:30,2
DA:33,2
DA:37,1
DA:39,2
DA:41,1
DA:47,1
DA:49,2
DA:50,4
LF:13
LH:13
end_of_record
SF:./lib\data\datasources\tv\tv_series_remote_data_source.dart
DA:23,2
DA:25,1
DA:28,3
DA:30,2
DA:31,4
DA:33,1
DA:37,1
DA:40,3
DA:42,2
DA:43,4
DA:45,1
DA:49,1
DA:52,3
DA:54,2
DA:55,4
DA:57,1
DA:61,1
DA:63,4
DA:65,2
DA:66,3
DA:68,1
DA:72,1
DA:74,1
DA:75,3
DA:77,2
DA:78,4
DA:80,1
DA:84,1
DA:86,1
DA:87,3
DA:89,2
DA:90,4
DA:92,1
LF:33
LH:33
end_of_record
SF:./lib\data\models\movie\movie_detail_model.dart
DA:6,2
DA:52,2
DA:53,2
DA:54,2
DA:55,2
DA:56,2
DA:57,2
DA:58,8
DA:59,2
DA:60,2
DA:61,2
DA:62,2
DA:63,2
DA:64,2
DA:65,4
DA:66,2
DA:67,2
DA:68,2
DA:69,2
DA:70,2
DA:71,2
DA:72,2
DA:73,2
DA:74,4
DA:75,2
DA:79,1
DA:80,1
DA:81,1
DA:82,1
DA:83,1
DA:84,5
DA:85,1
DA:86,1
DA:87,1
DA:88,1
DA:89,1
DA:90,1
DA:91,1
DA:92,1
DA:93,1
DA:94,1
DA:95,1
DA:96,1
DA:97,1
DA:98,1
DA:99,1
DA:100,1
DA:101,1
DA:105,2
DA:106,2
DA:107,2
DA:108,2
DA:109,10
DA:110,2
DA:111,2
DA:112,2
DA:113,2
DA:114,2
DA:115,2
DA:116,2
DA:117,2
DA:118,2
DA:122,2
DA:124,2
DA:125,2
DA:126,2
DA:127,2
DA:128,2
DA:129,2
DA:130,2
DA:131,2
DA:132,2
DA:133,2
DA:134,2
DA:135,2
DA:136,2
DA:137,2
DA:138,2
DA:139,2
DA:140,2
DA:141,2
DA:142,2
DA:143,2
DA:144,2
DA:145,2
LF:85
LH:85
end_of_record
SF:./lib\data\models\movie\movie_model.dart
DA:5,2
DA:35,2
DA:36,2
DA:37,2
DA:38,2
DA:39,8
DA:40,2
DA:41,2
DA:42,2
DA:43,4
DA:44,2
DA:45,2
DA:46,2
DA:47,2
DA:48,4
DA:49,2
DA:53,1
DA:54,1
DA:55,1
DA:56,1
DA:57,4
DA:58,1
DA:59,1
DA:60,1
DA:61,1
DA:62,1
DA:63,1
DA:64,1
DA:65,1
DA:66,1
DA:67,1
DA:71,2
DA:72,2
DA:73,2
DA:74,2
DA:75,2
DA:76,2
DA:77,2
DA:78,2
DA:79,2
DA:80,2
DA:81,2
DA:82,2
DA:83,2
DA:84,2
DA:85,2
DA:89,2
DA:91,2
DA:92,2
DA:93,2
DA:94,2
DA:95,2
DA:96,2
DA:97,2
DA:98,2
DA:99,2
DA:100,2
DA:101,2
DA:102,2
DA:103,2
DA:104,2
LF:61
LH:61
end_of_record
SF:./lib\data\models\tv\tv_series_detail_model.dart
DA:7,3
DA:49,3
DA:50,3
DA:51,3
DA:52,12
DA:53,3
DA:54,3
DA:55,12
DA:56,3
DA:57,3
DA:58,3
DA:59,3
DA:60,3
DA:61,3
DA:62,3
DA:63,6
DA:64,3
DA:65,3
DA:66,12
DA:67,3
DA:68,3
DA:69,3
DA:70,6
DA:71,3
DA:75,1
DA:76,1
DA:77,1
DA:78,4
DA:79,1
DA:80,5
DA:81,1
DA:82,1
DA:83,1
DA:84,1
DA:85,1
DA:86,1
DA:87,1
DA:88,1
DA:89,1
DA:90,5
DA:91,1
DA:92,1
DA:93,1
DA:94,1
DA:95,1
DA:99,2
DA:100,2
DA:101,2
DA:102,2
DA:103,2
DA:104,10
DA:105,2
DA:106,2
DA:107,2
DA:108,2
DA:109,2
DA:110,2
DA:111,2
DA:112,2
DA:113,2
DA:114,10
DA:115,2
DA:116,2
DA:117,2
DA:118,2
DA:119,2
DA:123,2
DA:125,2
DA:126,2
DA:127,2
DA:128,2
DA:129,2
DA:130,2
DA:131,2
DA:132,2
DA:133,2
DA:134,2
DA:135,2
DA:136,2
DA:137,2
DA:138,2
DA:139,2
DA:140,2
DA:141,2
DA:142,2
DA:143,2
DA:144,2
LF:87
LH:87
end_of_record
SF:./lib\data\models\tv\tv_series_model.dart
DA:5,2
DA:35,2
DA:36,2
DA:37,2
DA:38,2
DA:39,8
DA:40,2
DA:41,2
DA:42,8
DA:43,2
DA:44,2
DA:45,2
DA:46,4
DA:47,2
DA:48,4
DA:49,2
DA:53,1
DA:54,1
DA:55,1
DA:56,1
DA:57,4
DA:58,1
DA:59,1
DA:60,4
DA:61,1
DA:62,1
DA:63,1
DA:64,1
DA:65,1
DA:66,1
DA:67,1
DA:71,2
DA:72,2
DA:73,2
DA:74,2
DA:75,2
DA:76,2
DA:77,2
DA:78,2
DA:79,2
DA:80,2
DA:81,2
DA:82,2
DA:83,2
DA:84,2
DA:85,2
DA:89,2
DA:91,2
DA:92,2
DA:93,2
DA:94,2
DA:95,2
DA:96,2
DA:97,2
DA:98,2
DA:99,2
DA:100,2
DA:101,2
DA:102,2
DA:103,2
DA:104,2
LF:61
LH:61
end_of_record
SF:./lib\data\models\tv\tv_series_table.dart
DA:11,3
DA:18,2
DA:19,2
DA:20,2
DA:21,2
DA:22,2
DA:23,2
DA:27,2
DA:28,2
DA:29,2
DA:30,2
DA:31,2
DA:32,2
DA:36,2
DA:37,2
DA:38,2
DA:39,2
DA:40,2
DA:41,2
DA:46,2
DA:47,2
DA:48,2
DA:49,2
DA:50,2
DA:51,2
DA:55,3
DA:56,15
LF:27
LH:27
end_of_record
SF:./lib\domain\entities\tv\tv_series.dart
DA:4,2
DA:20,2
DA:27,2
DA:28,2
DA:49,9
DA:50,9
DA:51,9
DA:52,9
DA:53,9
DA:54,9
DA:55,9
DA:56,9
DA:57,9
DA:58,9
DA:59,9
DA:60,9
DA:61,9
DA:62,9
DA:63,9
LF:19
LH:19
end_of_record
SF:./lib\domain\entities\tv\tv_series_detail.dart
DA:7,2
DA:49,3
DA:51,3
DA:52,3
DA:53,3
DA:54,3
DA:55,3
DA:56,3
DA:57,3
DA:58,3
DA:59,3
DA:60,3
DA:61,3
DA:62,3
DA:63,3
DA:64,3
DA:65,3
DA:66,3
DA:67,3
DA:68,3
DA:69,3
DA:70,3
LF:22
LH:22
end_of_record
SF:./lib\domain\entities\tv\season.dart
DA:4,3
DA:22,4
DA:24,4
DA:25,4
DA:26,4
DA:27,4
DA:28,4
DA:29,4
DA:30,4
DA:31,4
LF:10
LH:10
end_of_record
SF:./lib\data\models\movie\movie_response.dart
DA:7,2
DA:9,2
DA:10,2
DA:11,4
DA:12,6
DA:13,6
DA:17,1
DA:18,1
DA:19,5
DA:23,1
DA:24,2
LF:11
LH:11
end_of_record
SF:./lib\data\models\tv\tv_series_response.dart
DA:7,2
DA:9,2
DA:10,2
DA:11,4
DA:12,6
DA:13,6
DA:17,1
DA:18,1
DA:19,5
DA:23,1
DA:24,2
LF:11
LH:11
end_of_record
SF:./lib\data\models\movie\genre_model.dart
DA:5,6
DA:13,6
DA:14,6
DA:15,6
DA:16,6
DA:20,12
DA:21,20
DA:23,5
DA:24,15
LF:9
LH:9
end_of_record
SF:./lib\data\models\tv\season_model.dart
DA:5,4
DA:23,4
DA:24,4
DA:25,4
DA:26,4
DA:27,4
DA:28,4
DA:29,4
DA:30,4
DA:31,4
DA:35,2
DA:36,2
DA:37,2
DA:38,2
DA:39,2
DA:40,2
DA:41,2
DA:42,2
DA:43,2
DA:47,3
DA:48,3
DA:49,3
DA:50,3
DA:51,3
DA:52,3
DA:53,3
DA:54,3
DA:55,3
DA:59,3
DA:61,3
DA:62,3
DA:63,3
DA:64,3
DA:65,3
DA:66,3
DA:67,3
DA:68,3
LF:37
LH:37
end_of_record
SF:./lib\data\repositories\movie_repository_impl.dart
DA:17,2
DA:22,1
DA:25,2
DA:26,5
DA:27,1
DA:29,1
DA:34,1
DA:37,2
DA:38,2
DA:39,1
DA:41,1
DA:46,1
DA:49,2
DA:50,3
DA:51,1
DA:53,1
DA:58,1
DA:61,2
DA:62,5
DA:63,1
DA:65,1
DA:70,1
DA:73,2
DA:74,5
DA:75,1
DA:77,1
DA:82,1
DA:85,2
DA:86,5
DA:87,1
DA:89,1
DA:94,1
DA:98,3
DA:99,1
DA:100,1
DA:101,3
DA:107,1
DA:111,3
DA:112,1
DA:113,1
DA:114,3
DA:118,1
DA:120,2
DA:124,1
DA:126,2
DA:127,5
LF:46
LH:46
end_of_record
SF:./lib\data\repositories\tv_series_repository_impl.dart
DA:17,2
DA:22,1
DA:25,2
DA:26,5
DA:27,1
DA:29,1
DA:34,1
DA:37,2
DA:38,5
DA:39,1
DA:41,1
DA:46,1
DA:49,2
DA:50,5
DA:51,1
DA:53,1
DA:58,1
DA:61,2
DA:62,2
DA:63,1
DA:65,1
DA:70,1
DA:74,2
DA:75,3
DA:76,1
DA:78,1
DA:83,1
DA:86,2
DA:87,5
DA:88,1
DA:90,1
DA:95,1
DA:98,1
DA:99,2
DA:100,1
DA:101,1
DA:102,3
DA:108,1
DA:112,1
DA:113,2
DA:114,1
DA:115,1
DA:116,3
DA:120,1
DA:122,2
DA:126,1
DA:128,2
DA:129,5
LF:48
LH:48
end_of_record
SF:./lib\domain\usecases\movie\get_movie_detail.dart
DA:9,2
DA:11,1
DA:12,2
LF:3
LH:3
end_of_record
SF:./lib\domain\usecases\movie\get_movie_recommendations.dart
DA:9,2
DA:11,1
DA:12,2
LF:3
LH:3
end_of_record
SF:./lib\domain\usecases\movie\get_now_playing_movies.dart
DA:9,2
DA:11,1
DA:12,2
LF:3
LH:3
end_of_record
SF:./lib\domain\usecases\movie\get_popular_movies.dart
DA:9,2
DA:11,1
DA:12,2
LF:3
LH:3
end_of_record
SF:./lib\domain\usecases\movie\get_top_rated_movies.dart
DA:9,2
DA:11,1
DA:12,2
LF:3
LH:3
end_of_record
SF:./lib\domain\usecases\movie\get_watchlist_movies.dart
DA:9,2
DA:11,1
DA:12,2
LF:3
LH:3
end_of_record
SF:./lib\domain\usecases\movie\get_watchlist_status.dart
DA:6,2
DA:8,1
DA:9,2
LF:3
LH:3
end_of_record
SF:./lib\domain\usecases\movie\remove_watchlist.dart
DA:9,2
DA:11,1
DA:12,2
LF:3
LH:3
end_of_record
SF:./lib\domain\usecases\movie\save_watchlist.dart
DA:9,2
DA:11,1
DA:12,2
LF:3
LH:3
end_of_record
SF:./lib\domain\usecases\movie\search_movies.dart
DA:9,2
DA:11,1
DA:12,2
LF:3
LH:3
end_of_record
SF:./lib\domain\usecases\tv\get_on_the_air_tv_series.dart
DA:10,2
DA:12,1
DA:13,2
LF:3
LH:3
end_of_record
SF:./lib\domain\usecases\tv\get_popular_tv_series.dart
DA:9,2
DA:11,1
DA:12,2
LF:3
LH:3
end_of_record
SF:./lib\domain\usecases\tv\get_top_rated_tv_series.dart
DA:9,2
DA:11,1
DA:12,2
LF:3
LH:3
end_of_record
SF:./lib\domain\usecases\tv\get_tv_series_detail.dart
DA:9,2
DA:11,1
DA:12,2
LF:3
LH:3
end_of_record
SF:./lib\domain\usecases\tv\get_tv_series_recommendations.dart
DA:9,2
DA:11,1
DA:12,2
LF:3
LH:3
end_of_record
SF:./lib\domain\usecases\tv\get_watchlist_tv_series_status.dart
DA:6,2
DA:8,1
DA:9,2
LF:3
LH:3
end_of_record
SF:./lib\domain\usecases\tv\get_watchlist_tv_series.dart
DA:9,2
DA:11,1
DA:12,2
LF:3
LH:3
end_of_record
SF:./lib\domain\usecases\tv\remove_watchlist_tv_series.dart
DA:9,2
DA:11,1
DA:12,2
LF:3
LH:3
end_of_record
SF:./lib\domain\usecases\tv\save_watchlist_tv_series.dart
DA:9,2
DA:11,1
DA:12,2
LF:3
LH:3
end_of_record
SF:./lib\domain\usecases\tv\search_tv_series.dart
DA:9,2
DA:11,1
DA:12,2
LF:3
LH:3
end_of_record
SF:./lib\injection.dart
DA:48,3
DA:50,1
DA:52,6
DA:53,6
DA:54,6
DA:55,4
DA:56,2
DA:57,2
DA:58,2
DA:59,2
DA:61,6
DA:62,6
DA:63,6
DA:64,6
DA:65,6
DA:66,6
DA:67,4
DA:68,2
DA:69,2
DA:70,2
DA:71,2
DA:73,6
DA:74,6
DA:75,6
DA:78,6
DA:79,6
DA:80,6
DA:81,6
DA:82,6
DA:83,6
DA:84,6
DA:85,6
DA:86,6
DA:87,6
DA:88,6
DA:89,6
DA:90,6
DA:91,6
DA:92,6
DA:93,6
DA:94,6
DA:95,6
DA:96,6
DA:97,6
DA:100,2
DA:101,2
DA:102,2
DA:103,2
DA:106,2
DA:107,2
DA:108,2
DA:109,2
DA:114,2
DA:115,4
DA:116,2
DA:117,4
DA:120,4
DA:124,3
DA:125,1
DA:126,1
DA:130,2
DA:131,4
DA:132,1
DA:134,2
DA:135,4
DA:136,1
LF:66
LH:66
end_of_record
SF:./lib\presentation\bloc\movie\movie_detail\movie_detail_state.dart
DA:4,4
DA:6,1
DA:7,1
DA:11,0
DA:15,2
DA:22,2
DA:24,1
DA:28,1
DA:29,1
DA:30,1
DA:34,1
DA:35,3
DA:41,1
DA:43,1
DA:44,2
DA:52,1
DA:58,1
DA:59,4
LF:18
LH:17
end_of_record
SF:./lib\presentation\bloc\movie\movie_detail\movie_detail_event.dart
DA:4,2
DA:10,1
DA:12,1
DA:13,2
DA:19,2
DA:21,1
DA:22,2
DA:28,2
DA:30,1
DA:31,2
DA:37,0
DA:39,1
DA:40,2
LF:13
LH:12
end_of_record
SF:./lib\presentation\bloc\movie\movie_detail\movie_detail_bloc.dart
DA:18,2
DA:23,2
DA:24,4
DA:25,4
DA:26,4
DA:27,4
DA:30,1
DA:34,1
DA:36,3
DA:37,3
DA:39,1
DA:40,4
DA:41,3
DA:45,1
DA:49,1
DA:51,3
DA:53,1
DA:54,1
DA:56,1
DA:57,2
DA:58,1
DA:59,1
DA:60,1
DA:63,3
DA:66,1
DA:68,4
DA:73,2
DA:74,1
DA:79,2
DA:84,1
DA:88,1
DA:90,3
DA:92,1
DA:93,1
DA:95,1
DA:96,2
DA:97,1
DA:98,1
DA:99,1
DA:102,3
DA:105,1
DA:107,4
DA:112,2
DA:113,1
DA:118,2
DA:123,1
DA:127,3
DA:129,2
DA:130,3
LF:49
LH:49
end_of_record
SF:./lib\presentation\bloc\movie\movie_recommendations\movie_recommendations_bloc.dart
DA:12,6
DA:13,4
DA:16,1
DA:20,2
DA:22,3
DA:24,1
DA:25,4
DA:26,3
LF:8
LH:8
end_of_record
SF:./lib\presentation\bloc\movie\movie_recommendations\movie_recommendations_state.dart
DA:4,3
DA:6,1
DA:7,1
DA:17,2
DA:19,1
DA:20,2
DA:26,1
DA:28,1
DA:29,2
LF:9
LH:9
end_of_record
SF:./lib\presentation\bloc\movie\movie_recommendations\movie_recommendations_event.dart
DA:4,1
DA:10,1
DA:12,1
DA:13,2
LF:4
LH:4
end_of_record
SF:./lib\presentation\bloc\movie\movie_search\movie_search_state.dart
DA:4,3
DA:6,1
DA:7,1
DA:17,2
DA:19,1
DA:20,2
DA:26,1
DA:28,1
DA:29,2
LF:9
LH:9
end_of_record
SF:./lib\presentation\bloc\movie\movie_search\movie_search_event.dart
DA:4,1
DA:10,1
DA:12,0
DA:13,0
LF:4
LH:2
end_of_record
SF:./lib\presentation\bloc\movie\movie_search\movie_search_bloc.dart
DA:13,6
DA:14,2
DA:15,2
DA:16,2
DA:20,2
DA:21,6
DA:24,1
DA:28,1
DA:30,1
DA:31,2
DA:35,2
DA:37,2
DA:39,1
DA:40,4
DA:41,3
LF:15
LH:15
end_of_record
SF:./lib\presentation\bloc\movie\now_playing_movies\now_playing_movies_state.dart
DA:4,3
DA:6,1
DA:7,1
DA:17,2
DA:19,1
DA:20,2
DA:26,1
DA:28,1
DA:29,2
LF:9
LH:9
end_of_record
SF:./lib\presentation\bloc\movie\now_playing_movies\now_playing_movies_bloc.dart
DA:12,6
DA:13,4
DA:16,1
DA:20,2
DA:22,2
DA:24,1
DA:25,4
DA:26,3
LF:8
LH:8
end_of_record
SF:./lib\presentation\bloc\movie\now_playing_movies\now_playing_movies_event.dart
DA:4,2
DA:6,1
DA:7,1
LF:3
LH:3
end_of_record
SF:./lib\presentation\bloc\movie\popular_movies\popular_movies_state.dart
DA:4,5
DA:6,2
DA:7,2
DA:17,4
DA:19,2
DA:20,4
DA:26,2
DA:28,2
DA:29,4
LF:9
LH:9
end_of_record
SF:./lib\presentation\bloc\movie\popular_movies\popular_movies_bloc.dart
DA:12,9
DA:13,6
DA:16,2
DA:20,4
DA:22,4
DA:24,2
DA:25,8
DA:26,6
LF:8
LH:8
end_of_record
SF:./lib\presentation\bloc\movie\popular_movies\popular_movies_event.dart
DA:4,4
DA:6,1
DA:7,1
LF:3
LH:3
end_of_record
SF:./lib\presentation\bloc\movie\top_rated_movies\top_rated_movies_bloc.dart
DA:12,9
DA:13,6
DA:16,2
DA:20,4
DA:22,4
DA:24,2
DA:25,8
DA:26,6
LF:8
LH:8
end_of_record
SF:./lib\presentation\bloc\movie\top_rated_movies\top_rated_movies_event.dart
DA:4,4
DA:6,1
DA:7,1
LF:3
LH:3
end_of_record
SF:./lib\presentation\bloc\movie\top_rated_movies\top_rated_movies_state.dart
DA:4,5
DA:6,2
DA:7,2
DA:17,4
DA:19,2
DA:20,4
DA:26,2
DA:28,2
DA:29,4
LF:9
LH:9
end_of_record
SF:./lib\presentation\bloc\movie\watchlist_movies\watchlist_movies_bloc.dart
DA:12,6
DA:13,4
DA:16,1
DA:20,2
DA:22,2
DA:24,1
DA:25,4
DA:26,3
LF:8
LH:8
end_of_record
SF:./lib\presentation\bloc\movie\watchlist_movies\watchlist_movies_state.dart
DA:4,4
DA:6,1
DA:7,1
DA:17,3
DA:19,1
DA:20,2
DA:26,1
DA:28,1
DA:29,2
LF:9
LH:9
end_of_record
SF:./lib\presentation\bloc\movie\watchlist_movies\watchlist_movies_event.dart
DA:4,2
DA:6,2
DA:7,2
LF:3
LH:3
end_of_record
SF:./lib\presentation\bloc\tv\on_the_air_tv_series\on_the_air_tv_series_state.dart
DA:4,4
DA:6,1
DA:7,1
DA:17,3
DA:19,1
DA:20,2
DA:26,1
DA:28,1
DA:29,2
LF:9
LH:9
end_of_record
SF:./lib\presentation\bloc\tv\on_the_air_tv_series\on_the_air_tv_series_bloc.dart
DA:12,6
DA:13,4
DA:16,1
DA:20,2
DA:22,2
DA:24,1
DA:25,4
DA:26,3
LF:8
LH:8
end_of_record
SF:./lib\presentation\bloc\tv\on_the_air_tv_series\on_the_air_tv_series_event.dart
DA:4,3
DA:6,1
DA:7,1
LF:3
LH:3
end_of_record
SF:./lib\presentation\bloc\tv\popular_tv_series\popular_tv_series_state.dart
DA:4,5
DA:6,2
DA:7,2
DA:17,4
DA:19,2
DA:20,4
DA:26,2
DA:28,2
DA:29,4
LF:9
LH:9
end_of_record
SF:./lib\presentation\bloc\tv\popular_tv_series\popular_tv_series_bloc.dart
DA:12,9
DA:13,6
DA:16,2
DA:20,4
DA:22,4
DA:24,2
DA:25,8
DA:26,6
LF:8
LH:8
end_of_record
SF:./lib\presentation\bloc\tv\popular_tv_series\popular_tv_series_event.dart
DA:4,4
DA:6,1
DA:7,1
LF:3
LH:3
end_of_record
SF:./lib\presentation\bloc\tv\top_rated_tv_series\top_rated_tv_series_event.dart
DA:4,4
DA:6,1
DA:7,1
LF:3
LH:3
end_of_record
SF:./lib\presentation\bloc\tv\top_rated_tv_series\top_rated_tv_series_bloc.dart
DA:12,9
DA:13,6
DA:16,2
DA:20,4
DA:22,4
DA:24,2
DA:25,8
DA:26,6
LF:8
LH:8
end_of_record
SF:./lib\presentation\bloc\tv\top_rated_tv_series\top_rated_tv_series_state.dart
DA:4,5
DA:6,2
DA:7,2
DA:17,4
DA:19,2
DA:20,4
DA:26,2
DA:28,2
DA:29,4
LF:9
LH:9
end_of_record
SF:./lib\presentation\bloc\tv\tv_series_detail\tv_series_detail_state.dart
DA:4,4
DA:6,1
DA:7,1
DA:11,0
DA:15,2
DA:22,2
DA:24,1
DA:28,1
DA:29,1
DA:30,1
DA:34,1
DA:35,3
DA:41,1
DA:43,1
DA:44,2
DA:52,1
DA:59,1
DA:60,4
LF:18
LH:17
end_of_record
SF:./lib\presentation\bloc\tv\tv_series_detail\tv_series_detail_event.dart
DA:4,2
DA:10,1
DA:12,1
DA:13,2
DA:19,2
DA:21,1
DA:22,2
DA:28,2
DA:30,1
DA:31,2
DA:37,0
DA:39,1
DA:40,2
LF:13
LH:12
end_of_record
SF:./lib\presentation\bloc\tv\tv_series_detail\tv_series_detail_bloc.dart
DA:18,2
DA:23,2
DA:24,4
DA:25,4
DA:26,4
DA:27,4
DA:30,1
DA:34,1
DA:36,3
DA:37,3
DA:39,1
DA:40,4
DA:41,3
DA:45,1
DA:49,1
DA:51,3
DA:53,1
DA:54,1
DA:55,1
DA:56,2
DA:57,1
DA:58,1
DA:59,1
DA:62,3
DA:65,1
DA:66,4
DA:68,2
DA:69,1
DA:73,2
DA:78,1
DA:82,1
DA:84,3
DA:86,1
DA:87,1
DA:88,1
DA:89,2
DA:90,1
DA:91,1
DA:92,1
DA:95,3
DA:98,1
DA:99,4
DA:101,2
DA:102,1
DA:106,2
DA:111,1
DA:115,3
DA:117,2
DA:118,3
LF:49
LH:49
end_of_record
SF:./lib\presentation\bloc\tv\tv_series_recommendations\tv_series_recommendations_state.dart
DA:4,3
DA:6,1
DA:7,1
DA:17,2
DA:19,1
DA:20,2
DA:26,1
DA:28,1
DA:29,2
LF:9
LH:9
end_of_record
SF:./lib\presentation\bloc\tv\tv_series_recommendations\tv_series_recommendations_bloc.dart
DA:12,6
DA:13,4
DA:16,1
DA:20,2
DA:22,3
DA:24,1
DA:25,4
DA:26,3
LF:8
LH:8
end_of_record
SF:./lib\presentation\bloc\tv\tv_series_recommendations\tv_series_recommendations_event.dart
DA:4,1
DA:10,1
DA:12,1
DA:13,2
LF:4
LH:4
end_of_record
SF:./lib\presentation\bloc\tv\tv_series_search\tv_series_search_event.dart
DA:4,1
DA:10,1
DA:12,0
DA:13,0
LF:4
LH:2
end_of_record
SF:./lib\presentation\bloc\tv\tv_series_search\tv_series_search_state.dart
DA:4,3
DA:6,1
DA:7,1
DA:17,2
DA:19,1
DA:20,2
DA:26,1
DA:28,1
DA:29,2
LF:9
LH:9
end_of_record
SF:./lib\presentation\bloc\tv\tv_series_search\tv_series_search_bloc.dart
DA:13,6
DA:14,2
DA:15,2
DA:16,2
DA:20,2
DA:21,6
DA:24,1
DA:28,1
DA:30,1
DA:31,2
DA:35,2
DA:37,2
DA:39,1
DA:40,4
DA:41,3
LF:15
LH:15
end_of_record
SF:./lib\presentation\bloc\tv\watchlist_tv_series\watchlist_tv_series_state.dart
DA:4,4
DA:6,1
DA:7,1
DA:17,3
DA:19,1
DA:20,2
DA:26,1
DA:28,1
DA:29,2
LF:9
LH:9
end_of_record
SF:./lib\presentation\bloc\tv\watchlist_tv_series\watchlist_tv_series_event.dart
DA:4,2
DA:6,1
DA:7,1
LF:3
LH:3
end_of_record
SF:./lib\presentation\bloc\tv\watchlist_tv_series\watchlist_tv_series_bloc.dart
DA:12,6
DA:13,4
DA:16,1
DA:20,2
DA:22,2
DA:24,1
DA:25,4
DA:26,3
LF:8
LH:8
end_of_record
SF:./lib\common\ssl_pinning.dart
DA:11,1
DA:12,1
DA:15,1
DA:20,2
DA:22,4
DA:23,2
DA:24,2
DA:26,2
DA:31,1
DA:35,2
DA:37,2
DA:42,2
DA:43,4
DA:44,2
DA:45,6
LF:15
LH:15
end_of_record
SF:./lib\common\constants.dart
DA:15,9
DA:19,48
DA:24,6
DA:29,3
DA:36,0
DA:37,0
DA:38,0
DA:39,0
DA:40,0
LF:9
LH:4
end_of_record
SF:./lib\common\utils.dart
DA:3,9
LF:1
LH:1
end_of_record
SF:./lib\presentation\pages\about_page.dart
DA:7,0
DA:9,1
DA:11,1
DA:12,1
DA:13,1
DA:14,1
DA:15,1
DA:16,1
DA:17,1
DA:19,1
DA:20,1
DA:27,1
DA:28,1
DA:40,1
DA:41,1
DA:42,2
LF:16
LH:15
end_of_record
SF:./lib\presentation\pages\movie\home_movie_page.dart
DA:23,1
DA:24,1
DA:25,1
DA:29,1
DA:31,1
DA:32,2
DA:33,4
DA:34,4
DA:35,4
DA:39,1
DA:41,1
DA:42,1
DA:43,1
DA:44,1
DA:45,1
DA:46,1
DA:48,1
DA:52,1
DA:53,1
DA:56,1
DA:59,0
DA:60,0
DA:63,1
DA:66,0
DA:67,0
DA:70,1
DA:73,0
DA:74,0
DA:77,1
DA:78,0
DA:79,0
DA:87,1
DA:89,1
DA:90,1
DA:91,0
DA:92,0
DA:98,1
DA:100,1
DA:101,1
DA:103,1
DA:104,1
DA:106,1
DA:108,1
DA:109,1
DA:110,1
DA:112,1
DA:113,2
DA:114,1
DA:115,2
DA:121,1
DA:123,0
DA:124,0
DA:126,1
DA:127,1
DA:128,1
DA:130,1
DA:131,2
DA:132,1
DA:133,2
DA:139,1
DA:141,0
DA:142,0
DA:144,1
DA:145,1
DA:146,1
DA:148,1
DA:149,2
DA:150,1
DA:151,2
DA:168,1
DA:170,1
DA:172,1
DA:174,1
DA:176,1
DA:177,2
DA:178,1
DA:180,1
DA:181,0
DA:182,0
DA:185,0
DA:188,1
DA:190,1
DA:191,2
DA:192,1
DA:195,0
DA:201,2
LF:86
LH:68
end_of_record
SF:./lib\presentation\pages\tv\home_tv_series_page.dart
DA:21,0
DA:23,1
DA:24,1
DA:28,1
DA:30,1
DA:31,2
DA:32,4
DA:33,4
DA:34,4
DA:38,1
DA:40,1
DA:41,1
DA:42,1
DA:43,1
DA:44,1
DA:45,1
DA:47,1
DA:51,1
DA:52,1
DA:55,1
DA:58,0
DA:59,0
DA:60,0
DA:63,1
DA:66,0
DA:67,0
DA:70,1
DA:73,0
DA:74,0
DA:77,1
DA:78,0
DA:79,0
DA:87,1
DA:89,1
DA:90,1
DA:91,0
DA:92,0
DA:98,1
DA:100,1
DA:101,1
DA:103,1
DA:104,1
DA:106,0
DA:109,1
DA:110,1
DA:111,1
DA:115,1
DA:116,2
DA:117,1
DA:118,2
DA:124,1
DA:126,0
DA:127,0
DA:129,1
DA:130,1
DA:131,1
DA:135,1
DA:136,2
DA:137,1
DA:138,2
DA:144,1
DA:146,0
DA:149,1
DA:150,1
DA:151,1
DA:155,1
DA:156,2
DA:157,1
DA:158,2
DA:175,1
DA:177,1
DA:179,1
DA:181,1
DA:183,1
DA:184,2
DA:185,1
DA:187,1
DA:188,0
DA:189,0
DA:192,0
DA:195,1
DA:197,1
DA:198,2
DA:199,1
DA:202,0
DA:208,2
LF:86
LH:66
end_of_record
SF:./lib\presentation\pages\movie\movie_detail_page.dart
DA:15,0
DA:17,1
DA:18,1
DA:22,1
DA:24,1
DA:25,2
DA:26,6
DA:27,6
DA:31,1
DA:33,1
DA:34,1
DA:35,2
DA:36,1
DA:37,1
DA:38,1
DA:39,1
DA:40,1
DA:41,1
DA:42,1
DA:43,2
DA:44,2
DA:45,2
DA:48,1
DA:50,1
DA:51,1
DA:52,1
DA:59,1
DA:60,1
DA:64,1
DA:65,1
DA:66,1
DA:68,1
DA:69,1
DA:74,1
DA:75,1
DA:76,2
DA:91,1
DA:93,1
DA:95,3
DA:96,1
DA:97,1
DA:98,1
DA:99,3
DA:101,1
DA:104,0
DA:106,1
DA:108,1
DA:109,1
DA:110,1
DA:120,1
DA:121,1
DA:122,1
DA:124,1
DA:126,1
DA:128,1
DA:129,1
DA:130,2
DA:131,1
DA:133,1
DA:134,1
DA:135,1
DA:138,2
DA:139,2
DA:142,2
DA:143,2
DA:147,1
DA:149,1
DA:150,1
DA:158,1
DA:159,3
DA:161,1
DA:162,3
DA:164,1
DA:165,1
DA:166,1
DA:167,3
DA:169,1
DA:175,4
DA:179,1
DA:181,1
DA:183,1
DA:184,2
DA:187,1
DA:189,1
DA:191,1
DA:196,1
DA:198,1
DA:211,1
DA:213,1
DA:216,1
DA:218,0
DA:219,0
DA:228,1
DA:229,1
DA:230,1
DA:231,1
DA:235,1
DA:236,2
DA:237,1
DA:238,1
DA:239,1
DA:241,1
DA:243,1
DA:244,1
DA:245,1
DA:247,1
DA:248,0
DA:249,0
DA:252,0
DA:255,1
DA:259,1
DA:260,2
DA:261,1
DA:264,0
DA:270,1
DA:280,1
DA:281,5
DA:284,1
DA:285,1
DA:286,1
DA:288,1
DA:289,1
DA:291,0
LF:123
LH:114
end_of_record
SF:./lib\presentation\pages\movie\popular_movies_page.dart
DA:11,0
DA:13,1
DA:14,1
DA:18,1
DA:20,1
DA:21,2
DA:22,2
DA:23,2
DA:26,1
DA:28,1
DA:29,1
DA:32,1
DA:33,0
DA:34,0
DA:36,1
DA:38,1
DA:39,1
DA:40,1
DA:44,1
DA:45,1
DA:46,1
DA:47,2
DA:48,1
DA:50,2
DA:52,1
DA:53,1
DA:55,2
LF:27
LH:24
end_of_record
SF:./lib\presentation\pages\movie\search_page.dart
DA:10,0
DA:12,1
DA:14,1
DA:15,1
DA:18,1
DA:20,1
DA:22,1
DA:23,1
DA:24,1
DA:25,2
DA:26,1
DA:37,1
DA:39,1
DA:41,1
DA:42,1
DA:43,1
DA:47,1
DA:48,1
DA:49,1
DA:50,1
DA:52,1
DA:53,1
DA:54,1
DA:56,1
LF:24
LH:23
end_of_record
SF:./lib\presentation\pages\movie\top_rated_movies_page.dart
DA:11,0
DA:13,1
DA:14,1
DA:18,1
DA:20,1
DA:21,2
DA:22,2
DA:23,2
DA:26,1
DA:28,1
DA:29,1
DA:32,1
DA:34,1
DA:35,0
DA:36,0
DA:38,1
DA:39,1
DA:40,1
DA:44,1
DA:45,1
DA:46,1
DA:47,2
DA:48,1
DA:50,2
DA:52,1
DA:53,1
DA:55,2
LF:27
LH:24
end_of_record
SF:./lib\presentation\pages\movie\watchlist_movies_page.dart
DA:12,0
DA:14,1
DA:15,1
DA:20,1
DA:22,1
DA:23,2
DA:24,2
DA:25,2
DA:28,1
DA:30,1
DA:31,4
DA:34,0
DA:36,0
DA:37,0
DA:40,1
DA:42,1
DA:43,1
DA:46,1
DA:47,0
DA:48,0
DA:50,1
DA:52,1
DA:53,1
DA:54,1
DA:58,1
DA:59,1
DA:60,1
DA:61,2
DA:62,1
DA:64,2
DA:66,1
DA:67,1
DA:69,2
DA:81,1
DA:83,2
DA:84,1
LF:36
LH:30
end_of_record
SF:./lib\presentation\widgets\sub_heading.dart
DA:8,3
DA:14,3
DA:16,3
DA:18,3
DA:19,3
DA:20,3
DA:21,3
DA:23,3
DA:24,3
LF:9
LH:9
end_of_record
SF:./lib\presentation\widgets\movie_card_list.dart
DA:10,5
DA:12,5
DA:14,5
DA:16,5
DA:17,1
DA:18,1
DA:21,2
DA:24,5
DA:26,5
DA:27,5
DA:28,5
DA:34,5
DA:36,5
DA:37,5
DA:38,10
DA:41,5
DA:44,5
DA:45,10
DA:53,5
DA:58,5
DA:60,5
DA:61,15
DA:63,5
LF:23
LH:23
end_of_record
SF:./lib\presentation\pages\tv\on_the_air_tv_series_page.dart
DA:9,0
DA:11,1
DA:12,1
DA:16,1
DA:18,1
DA:19,2
DA:20,2
DA:21,2
DA:24,1
DA:26,1
DA:27,1
DA:30,1
DA:32,1
DA:33,1
DA:34,1
DA:38,1
DA:39,1
DA:40,1
DA:41,2
DA:42,1
DA:44,2
DA:46,1
DA:47,1
DA:49,2
LF:24
LH:23
end_of_record
SF:./lib\presentation\pages\tv\popular_tv_series_page.dart
DA:9,0
DA:11,1
DA:12,1
DA:16,1
DA:18,1
DA:19,2
DA:20,2
DA:21,2
DA:24,1
DA:26,1
DA:27,1
DA:30,1
DA:32,1
DA:33,1
DA:34,1
DA:38,1
DA:39,1
DA:40,1
DA:41,2
DA:42,1
DA:44,2
DA:46,1
DA:47,1
DA:49,2
LF:24
LH:23
end_of_record
SF:./lib\presentation\pages\tv\search_tv_series_page.dart
DA:10,0
DA:12,1
DA:14,1
DA:15,1
DA:18,1
DA:20,1
DA:22,1
DA:23,1
DA:24,1
DA:25,2
DA:26,1
DA:37,1
DA:39,1
DA:41,1
DA:42,1
DA:43,1
DA:47,1
DA:48,1
DA:49,1
DA:50,1
DA:52,1
DA:53,1
DA:54,1
DA:56,1
LF:24
LH:23
end_of_record
SF:./lib\presentation\pages\tv\top_rated_tv_series_page.dart
DA:11,0
DA:13,1
DA:14,1
DA:18,1
DA:20,1
DA:21,2
DA:22,2
DA:23,2
DA:26,1
DA:28,1
DA:29,1
DA:32,1
DA:33,0
DA:34,0
DA:35,0
DA:37,1
DA:39,1
DA:40,1
DA:41,1
DA:45,1
DA:46,1
DA:47,1
DA:48,2
DA:49,1
DA:51,2
DA:53,1
DA:54,1
DA:56,2
LF:28
LH:24
end_of_record
SF:./lib\presentation\pages\tv\tv_series_detail_page.dart
DA:16,0
DA:18,1
DA:19,1
DA:23,1
DA:25,1
DA:26,2
DA:27,6
DA:28,6
DA:32,1
DA:34,1
DA:35,1
DA:36,2
DA:37,1
DA:38,1
DA:39,1
DA:40,1
DA:41,1
DA:42,1
DA:43,1
DA:44,2
DA:45,2
DA:46,2
DA:49,1
DA:51,1
DA:52,1
DA:53,1
DA:60,1
DA:61,1
DA:65,1
DA:66,1
DA:67,1
DA:69,1
DA:70,1
DA:75,1
DA:76,1
DA:77,2
DA:92,1
DA:94,1
DA:96,3
DA:97,1
DA:98,1
DA:99,1
DA:100,3
DA:102,1
DA:105,0
DA:107,1
DA:109,1
DA:110,1
DA:111,1
DA:121,1
DA:122,1
DA:123,1
DA:125,1
DA:127,1
DA:129,1
DA:130,1
DA:131,2
DA:132,1
DA:134,1
DA:135,1
DA:136,1
DA:137,2
DA:138,2
DA:141,2
DA:142,2
DA:146,1
DA:148,1
DA:149,1
DA:157,1
DA:158,3
DA:160,1
DA:161,1
DA:162,1
DA:163,3
DA:165,1
DA:171,4
DA:175,1
DA:177,1
DA:179,1
DA:180,2
DA:183,1
DA:185,1
DA:187,3
DA:189,1
DA:191,1
DA:193,1
DA:198,1
DA:200,1
DA:213,1
DA:215,1
DA:218,1
DA:220,0
DA:221,0
DA:230,1
DA:231,1
DA:232,1
DA:233,1
DA:237,1
DA:238,2
DA:239,1
DA:240,1
DA:241,1
DA:243,1
DA:245,1
DA:246,1
DA:247,1
DA:248,1
DA:250,1
DA:251,0
DA:252,0
DA:255,0
DA:258,1
DA:262,1
DA:263,2
DA:264,1
DA:267,0
DA:282,1
DA:283,1
DA:287,1
DA:289,1
DA:291,1
DA:292,1
DA:293,1
DA:294,1
DA:295,1
DA:298,1
DA:300,1
DA:301,1
DA:302,1
DA:303,1
DA:304,1
DA:305,1
DA:306,2
DA:309,1
DA:312,0
DA:317,1
DA:318,1
DA:319,1
DA:320,1
DA:324,1
DA:325,2
DA:326,1
DA:337,1
DA:338,5
LF:144
LH:135
end_of_record
SF:./lib\presentation\pages\tv\watchlist_tv_series_page.dart
DA:10,0
DA:12,1
DA:13,1
DA:18,1
DA:20,1
DA:21,4
DA:22,2
DA:23,2
DA:26,0
DA:28,0
DA:29,0
DA:32,1
DA:34,1
DA:35,1
DA:38,1
DA:40,1
DA:41,1
DA:42,1
DA:46,1
DA:47,1
DA:48,1
DA:49,2
DA:50,1
DA:52,2
DA:54,1
DA:55,1
DA:57,2
DA:68,1
DA:70,2
DA:71,1
LF:30
LH:26
end_of_record
SF:./lib\presentation\widgets\tv_series_card_list.dart
DA:10,6
DA:12,6
DA:14,6
DA:16,6
DA:17,1
DA:18,1
DA:21,2
DA:24,6
DA:26,6
DA:27,6
DA:28,6
DA:34,6
DA:36,6
DA:37,6
DA:38,12
DA:41,6
DA:44,6
DA:45,12
DA:53,6
DA:58,6
DA:60,6
DA:61,18
DA:63,6
LF:23
LH:23
end_of_record
SF:./lib\presentation\pages\splash_page.dart
DA:8,1
DA:10,1
DA:11,1
DA:18,1
DA:20,1
DA:22,2
DA:27,2
DA:28,1
DA:32,2
DA:34,1
DA:37,1
DA:38,1
DA:39,1
DA:40,2
DA:44,1
DA:46,2
DA:47,1
DA:50,1
DA:52,1
DA:54,1
DA:55,1
DA:56,1
DA:57,1
DA:59,1
DA:66,1
DA:68,2
DA:75,1
DA:77,2
LF:28
LH:28
end_of_record
